<?xml version="1.0" encoding="UTF-8"?>
<testng-results skipped="0" failed="0" total="1" passed="1">
  <reporter-output>
  </reporter-output>
  <suite name="Default suite" duration-ms="33" started-at="2019-11-18T17:18:34Z" finished-at="2019-11-18T17:18:34Z">
    <groups>
    </groups>
    <test name="Default test" duration-ms="33" started-at="2019-11-18T17:18:34Z" finished-at="2019-11-18T17:18:34Z">
      <class name="JenkinsDemo.NewTest">
        <test-method status="PASS" signature="launchBrowser1()[pri:0, instance:JenkinsDemo.NewTest@4157f54e]" name="launchBrowser1" duration-ms="11" started-at="2019-11-18T22:48:34Z" finished-at="2019-11-18T22:48:34Z">
          <reporter-output>
          </reporter-output>
        </test-method> <!-- launchBrowser1 -->
      </class> <!-- JenkinsDemo.NewTest -->
    </test> <!-- Default test -->
  </suite> <!-- Default suite -->
</testng-results>
